<?xml version="1.0" encoding="UTF-8"?>
<testsuite xmlns:xsi="http://www.w3.org/2001/XMLSchema-instance" xsi:noNamespaceSchemaLocation="https://maven.apache.org/surefire/maven-surefire-plugin/xsd/surefire-test-report-3.0.xsd" version="3.0" name="com.geekster.DoctorsAppointmentApplication.DoctorAppApplicationTests" time="13.776" tests="1" errors="0" skipped="0" failures="0">
  <properties>
[...]
</properties>
  <testcase name="contextLoads" classname="com.geekster.DoctorsAppointmentApplication.DoctorAppApplicationTests" time="1.17">
    <system-out><![CDATA[16:23:22.996 [main] INFO org.springframework.test.context.support.AnnotationConfigContextLoaderUtils -- Could not detect default configuration classes for test class [com.geekster.DoctorsAppointmentApplication.DoctorAppApplicationTests]: DoctorAppApplicationTests does not declare any static, non-private, non-final, nested classes annotated with @Configuration.
16:23:23.218 [main] INFO org.springframework.boot.test.context.SpringBootTestContextBootstrapper -- Found @SpringBootConfiguration com.geekster.DoctorsAppointmentApplication.DoctorAppApplication for test class com.geekster.DoctorsAppointmentApplication.DoctorAppApplicationTests

  .   ____          _            __ _ _
 /\\ / ___'_ __ _ _(_)_ __  __ _ \ \ \ \
( ( )\___ | '_ | '_| | '_ \/ _` | \ \ \ \
 \\/  ___)| |_)| | | | | || (_| |  ) ) ) )
  '  |____| .__|_| |_|_| |_\__, | / / / /
 =========|_|==============|___/=/_/_/_/
 :: Spring Boot ::                (v3.1.4)

2026-03-25T16:23:24.230+05:30  INFO 17184 --- [           main] c.g.D.DoctorAppApplicationTests          : Starting DoctorAppApplicationTests using Java 17.0.17 with PID 17184 (started by vanis in C:\Users\vanis\Downloads\Doctor-s-Appointment-Application)
2026-03-25T16:23:24.234+05:30  INFO 17184 --- [           main] c.g.D.DoctorAppApplicationTests          : No active profile set, falling back to 1 default profile: "default"
2026-03-25T16:23:25.976+05:30  INFO 17184 --- [           main] .s.d.r.c.RepositoryConfigurationDelegate : Bootstrapping Spring Data JPA repositories in DEFAULT mode.
2026-03-25T16:23:26.138+05:30  INFO 17184 --- [           main] .s.d.r.c.RepositoryConfigurationDelegate : Finished Spring Data repository scanning in 148 ms. Found 5 JPA repository interfaces.
2026-03-25T16:23:27.138+05:30  INFO 17184 --- [           main] o.hibernate.jpa.internal.util.LogHelper  : HHH000204: Processing PersistenceUnitInfo [name: default]
2026-03-25T16:23:27.306+05:30  INFO 17184 --- [           main] org.hibernate.Version                    : HHH000412: Hibernate ORM core version 6.2.9.Final
2026-03-25T16:23:27.319+05:30  INFO 17184 --- [           main] org.hibernate.cfg.Environment            : HHH000406: Using bytecode reflection optimizer
2026-03-25T16:23:28.222+05:30  INFO 17184 --- [           main] o.h.b.i.BytecodeProviderInitiator        : HHH000021: Bytecode provider name : bytebuddy
2026-03-25T16:23:28.560+05:30  INFO 17184 --- [           main] o.s.o.j.p.SpringPersistenceUnitInfo      : No LoadTimeWeaver setup: ignoring JPA class transformer
2026-03-25T16:23:28.628+05:30  INFO 17184 --- [           main] com.zaxxer.hikari.HikariDataSource       : HikariPool-1 - Starting...
2026-03-25T16:23:29.117+05:30  INFO 17184 --- [           main] com.zaxxer.hikari.pool.HikariPool        : HikariPool-1 - Added connection conn0: url=jdbc:h2:mem:testdb user=SA
2026-03-25T16:23:29.120+05:30  INFO 17184 --- [           main] com.zaxxer.hikari.HikariDataSource       : HikariPool-1 - Start completed.
2026-03-25T16:23:29.685+05:30  INFO 17184 --- [           main] o.h.b.i.BytecodeProviderInitiator        : HHH000021: Bytecode provider name : bytebuddy
2026-03-25T16:23:29.816+05:30  WARN 17184 --- [           main] org.hibernate.mapping.RootClass          : HHH000038: Composite-id class does not override equals(): com.geekster.DoctorsAppointmentApplication.model.AppointmentKey
2026-03-25T16:23:29.816+05:30  WARN 17184 --- [           main] org.hibernate.mapping.RootClass          : HHH000039: Composite-id class does not override hashCode(): com.geekster.DoctorsAppointmentApplication.model.AppointmentKey
2026-03-25T16:23:31.157+05:30  INFO 17184 --- [           main] o.h.e.t.j.p.i.JtaPlatformInitiator       : HHH000490: Using JtaPlatform implementation: [org.hibernate.engine.transaction.jta.platform.internal.NoJtaPlatform]
2026-03-25T16:23:31.282+05:30 DEBUG 17184 --- [           main] org.hibernate.SQL                        : 
    create table appointment (
        appointment_id bigint not null,
        time timestamp(6) not null,
        status varchar(255) check (status in ('PENDING','APPROVED','REJECTED')),
        fk_doctor_doc_id bigint,
        patient_patient_id bigint,
        primary key (appointment_id, time)
    )
Hibernate: 
    create table appointment (
        appointment_id bigint not null,
        time timestamp(6) not null,
        status varchar(255) check (status in ('PENDING','APPROVED','REJECTED')),
        fk_doctor_doc_id bigint,
        patient_patient_id bigint,
        primary key (appointment_id, time)
    )
2026-03-25T16:23:31.299+05:30 DEBUG 17184 --- [           main] org.hibernate.SQL                        : 
    create table authentication_token (
        token_id bigint generated by default as identity,
        token varchar(255),
        token_creation_date date,
        fk_patient_id bigint not null,
        primary key (token_id)
    )
Hibernate: 
    create table authentication_token (
        token_id bigint generated by default as identity,
        token varchar(255),
        token_creation_date date,
        fk_patient_id bigint not null,
        primary key (token_id)
    )
2026-03-25T16:23:31.312+05:30 DEBUG 17184 --- [           main] org.hibernate.SQL                        : 
    create table doctor (
        doctor_id bigint generated by default as identity,
        doctor_email varchar(255) not null,
        doctor_name varchar(255),
        doctor_password varchar(255) not null,
        specialization varchar(255) check (specialization in ('Allergy_and_Immunology','Anesthesiology','Dermatology','Diagnostic_Radiology','Emergency_Medicine','Family_Medicine','Internal_Medicine','Medical_Genetics','Neurology','Nuclear_Medicine','Obstetrics_and_Gynecology','Ophthalmology','Pathology','Pediatrics','Physical_Medicine_and_Rehabilitation','Preventive_Medicine','Psychiatry','Radiation_Oncology','Surgery','Urology')),
        primary key (doctor_id)
    )
Hibernate: 
    create table doctor (
        doctor_id bigint generated by default as identity,
        doctor_email varchar(255) not null,
        doctor_name varchar(255),
        doctor_password varchar(255) not null,
        specialization varchar(255) check (specialization in ('Allergy_and_Immunology','Anesthesiology','Dermatology','Diagnostic_Radiology','Emergency_Medicine','Family_Medicine','Internal_Medicine','Medical_Genetics','Neurology','Nuclear_Medicine','Obstetrics_and_Gynecology','Ophthalmology','Pathology','Pediatrics','Physical_Medicine_and_Rehabilitation','Preventive_Medicine','Psychiatry','Radiation_Oncology','Surgery','Urology')),
        primary key (doctor_id)
    )
2026-03-25T16:23:31.314+05:30 DEBUG 17184 --- [           main] org.hibernate.SQL                        : 
    create table doctor_availability (
        availability_id bigint generated by default as identity,
        day_of_week varchar(255) check (day_of_week in ('MONDAY','TUESDAY','WEDNESDAY','THURSDAY','FRIDAY','SATURDAY','SUNDAY')),
        end_time time(6),
        is_available boolean,
        start_time time(6),
        doctor_id bigint not null,
        primary key (availability_id)
    )
Hibernate: 
    create table doctor_availability (
        availability_id bigint generated by default as identity,
        day_of_week varchar(255) check (day_of_week in ('MONDAY','TUESDAY','WEDNESDAY','THURSDAY','FRIDAY','SATURDAY','SUNDAY')),
        end_time time(6),
        is_available boolean,
        start_time time(6),
        doctor_id bigint not null,
        primary key (availability_id)
    )
2026-03-25T16:23:31.318+05:30 DEBUG 17184 --- [           main] org.hibernate.SQL                        : 
    create table patient (
        patient_id bigint generated by default as identity,
        patient_contact varchar(255),
        patient_email varchar(255) not null,
        patient_first_name varchar(255),
        patient_last_name varchar(255),
        patient_password varchar(255) not null,
        primary key (patient_id)
    )
Hibernate: 
    create table patient (
        patient_id bigint generated by default as identity,
        patient_contact varchar(255),
        patient_email varchar(255) not null,
        patient_first_name varchar(255),
        patient_last_name varchar(255),
        patient_password varchar(255) not null,
        primary key (patient_id)
    )
2026-03-25T16:23:31.322+05:30 DEBUG 17184 --- [           main] org.hibernate.SQL                        : 
    alter table if exists appointment 
       drop constraint if exists UK_by05yi65s9oxcslpbp4rr2lyb
Hibernate: 
    alter table if exists appointment 
       drop constraint if exists UK_by05yi65s9oxcslpbp4rr2lyb
2026-03-25T16:23:31.323+05:30 DEBUG 17184 --- [           main] org.hibernate.SQL                        : 
    alter table if exists appointment 
       add constraint UK_by05yi65s9oxcslpbp4rr2lyb unique (patient_patient_id)
Hibernate: 
    alter table if exists appointment 
       add constraint UK_by05yi65s9oxcslpbp4rr2lyb unique (patient_patient_id)
2026-03-25T16:23:31.325+05:30 DEBUG 17184 --- [           main] org.hibernate.SQL                        : 
    alter table if exists authentication_token 
       drop constraint if exists UK_845t46unjnlvvmhi5dwasywvq
Hibernate: 
    alter table if exists authentication_token 
       drop constraint if exists UK_845t46unjnlvvmhi5dwasywvq
2026-03-25T16:23:31.326+05:30 DEBUG 17184 --- [           main] org.hibernate.SQL                        : 
    alter table if exists authentication_token 
       add constraint UK_845t46unjnlvvmhi5dwasywvq unique (fk_patient_id)
Hibernate: 
    alter table if exists authentication_token 
       add constraint UK_845t46unjnlvvmhi5dwasywvq unique (fk_patient_id)
2026-03-25T16:23:31.328+05:30 DEBUG 17184 --- [           main] org.hibernate.SQL                        : 
    alter table if exists doctor 
       drop constraint if exists UK_lr3j4y6twpk17qwuydiqi3yuh
Hibernate: 
    alter table if exists doctor 
       drop constraint if exists UK_lr3j4y6twpk17qwuydiqi3yuh
2026-03-25T16:23:31.329+05:30 DEBUG 17184 --- [           main] org.hibernate.SQL                        : 
    alter table if exists doctor 
       add constraint UK_lr3j4y6twpk17qwuydiqi3yuh unique (doctor_email)
Hibernate: 
    alter table if exists doctor 
       add constraint UK_lr3j4y6twpk17qwuydiqi3yuh unique (doctor_email)
2026-03-25T16:23:31.331+05:30 DEBUG 17184 --- [           main] org.hibernate.SQL                        : 
    alter table if exists patient 
       drop constraint if exists UK_3rjgubfrjwmr1johx59i16s2g
Hibernate: 
    alter table if exists patient 
       drop constraint if exists UK_3rjgubfrjwmr1johx59i16s2g
2026-03-25T16:23:31.332+05:30 DEBUG 17184 --- [           main] org.hibernate.SQL                        : 
    alter table if exists patient 
       add constraint UK_3rjgubfrjwmr1johx59i16s2g unique (patient_email)
Hibernate: 
    alter table if exists patient 
       add constraint UK_3rjgubfrjwmr1johx59i16s2g unique (patient_email)
2026-03-25T16:23:31.334+05:30 DEBUG 17184 --- [           main] org.hibernate.SQL                        : 
    alter table if exists appointment 
       add constraint FKel4vdq9ghjcygvsppfkf7bdp1 
       foreign key (fk_doctor_doc_id) 
       references doctor
Hibernate: 
    alter table if exists appointment 
       add constraint FKel4vdq9ghjcygvsppfkf7bdp1 
       foreign key (fk_doctor_doc_id) 
       references doctor
2026-03-25T16:23:31.348+05:30 DEBUG 17184 --- [           main] org.hibernate.SQL                        : 
    alter table if exists appointment 
       add constraint FK2vlah44v7jbr62swnit3835kr 
       foreign key (patient_patient_id) 
       references patient
Hibernate: 
    alter table if exists appointment 
       add constraint FK2vlah44v7jbr62swnit3835kr 
       foreign key (patient_patient_id) 
       references patient
2026-03-25T16:23:31.351+05:30 DEBUG 17184 --- [           main] org.hibernate.SQL                        : 
    alter table if exists authentication_token 
       add constraint FK94kuwi98i5g6k8dnx0511brom 
       foreign key (fk_patient_id) 
       references patient
Hibernate: 
    alter table if exists authentication_token 
       add constraint FK94kuwi98i5g6k8dnx0511brom 
       foreign key (fk_patient_id) 
       references patient
2026-03-25T16:23:31.355+05:30 DEBUG 17184 --- [           main] org.hibernate.SQL                        : 
    alter table if exists doctor_availability 
       add constraint FKjjpqh7cis4bvgml0p2qaeqr3r 
       foreign key (doctor_id) 
       references doctor
Hibernate: 
    alter table if exists doctor_availability 
       add constraint FKjjpqh7cis4bvgml0p2qaeqr3r 
       foreign key (doctor_id) 
       references doctor
2026-03-25T16:23:31.362+05:30  INFO 17184 --- [           main] j.LocalContainerEntityManagerFactoryBean : Initialized JPA EntityManagerFactory for persistence unit 'default'
2026-03-25T16:23:32.342+05:30  INFO 17184 --- [           main] o.s.d.j.r.query.QueryEnhancerFactory     : Hibernate is in classpath; If applicable, HQL parser will be used.
2026-03-25T16:23:34.037+05:30  WARN 17184 --- [           main] JpaBaseConfiguration$JpaWebConfiguration : spring.jpa.open-in-view is enabled by default. Therefore, database queries may be performed during view rendering. Explicitly configure spring.jpa.open-in-view to disable this warning
2026-03-25T16:23:34.516+05:30  INFO 17184 --- [           main] o.s.b.a.w.s.WelcomePageHandlerMapping    : Adding welcome page template: index
2026-03-25T16:23:35.083+05:30  INFO 17184 --- [           main] o.s.b.a.h2.H2ConsoleAutoConfiguration    : H2 console available at '/h2-console'. Database available at 'jdbc:h2:mem:testdb'
2026-03-25T16:23:35.193+05:30  INFO 17184 --- [           main] c.g.D.DoctorAppApplicationTests          : Started DoctorAppApplicationTests in 11.603 seconds (process running for 13.601)
]]></system-out>
  </testcase>
</testsuite>