<?xml version="1.0" encoding="UTF-8"?>
<testsuite xmlns:xsi="http://www.w3.org/2001/XMLSchema-instance" xsi:noNamespaceSchemaLocation="https://maven.apache.org/surefire/maven-surefire-plugin/xsd/surefire-test-report-3.0.xsd" version="3.0" name="com.geekster.DoctorsAppointmentApplication.DoctorAppApplicationTests" time="7.072" tests="1" errors="0" skipped="0" failures="0">
  <properties>
[...]
</properties>
  <testcase name="contextLoads" classname="com.geekster.DoctorsAppointmentApplication.DoctorAppApplicationTests" time="0.442">
    <system-out><![CDATA[11:29:44.800 [main] INFO org.springframework.test.context.support.AnnotationConfigContextLoaderUtils -- Could not detect default configuration classes for test class [com.geekster.DoctorsAppointmentApplication.DoctorAppApplicationTests]: DoctorAppApplicationTests does not declare any static, non-private, non-final, nested classes annotated with @Configuration.
11:29:44.986 [main] INFO org.springframework.boot.test.context.SpringBootTestContextBootstrapper -- Found @SpringBootConfiguration com.geekster.DoctorsAppointmentApplication.DoctorAppApplication for test class com.geekster.DoctorsAppointmentApplication.DoctorAppApplicationTests

  .   ____          _            __ _ _
 /\\ / ___'_ __ _ _(_)_ __  __ _ \ \ \ \
( ( )\___ | '_ | '_| | '_ \/ _` | \ \ \ \
 \\/  ___)| |_)| | | | | || (_| |  ) ) ) )
  '  |____| .__|_| |_|_| |_\__, | / / / /
 =========|_|==============|___/=/_/_/_/
 :: Spring Boot ::                (v3.1.4)

2026-03-27T11:29:45.595+05:30  INFO 26012 --- [           main] c.g.D.DoctorAppApplicationTests          : Starting DoctorAppApplicationTests using Java 25.0.1 with PID 26012 (started by KIRAN KHATAVKAR in C:\Users\KIRAN KHATAVKAR\Doctor-s-Appointment-Application\OOAD_Doctors_Application_System)
2026-03-27T11:29:45.597+05:30  INFO 26012 --- [           main] c.g.D.DoctorAppApplicationTests          : No active profile set, falling back to 1 default profile: "default"
2026-03-27T11:29:46.769+05:30  INFO 26012 --- [           main] .s.d.r.c.RepositoryConfigurationDelegate : Bootstrapping Spring Data JPA repositories in DEFAULT mode.
2026-03-27T11:29:46.824+05:30  INFO 26012 --- [           main] .s.d.r.c.RepositoryConfigurationDelegate : Finished Spring Data repository scanning in 48 ms. Found 6 JPA repository interfaces.
2026-03-27T11:29:47.365+05:30  INFO 26012 --- [           main] o.hibernate.jpa.internal.util.LogHelper  : HHH000204: Processing PersistenceUnitInfo [name: default]
2026-03-27T11:29:47.444+05:30  INFO 26012 --- [           main] org.hibernate.Version                    : HHH000412: Hibernate ORM core version 6.2.9.Final
2026-03-27T11:29:47.446+05:30  INFO 26012 --- [           main] org.hibernate.cfg.Environment            : HHH000406: Using bytecode reflection optimizer
2026-03-27T11:29:47.658+05:30  INFO 26012 --- [           main] o.h.b.i.BytecodeProviderInitiator        : HHH000021: Bytecode provider name : bytebuddy
2026-03-27T11:29:47.831+05:30  INFO 26012 --- [           main] o.s.o.j.p.SpringPersistenceUnitInfo      : No LoadTimeWeaver setup: ignoring JPA class transformer
2026-03-27T11:29:47.851+05:30  INFO 26012 --- [           main] com.zaxxer.hikari.HikariDataSource       : HikariPool-1 - Starting...
2026-03-27T11:29:48.120+05:30  INFO 26012 --- [           main] com.zaxxer.hikari.pool.HikariPool        : HikariPool-1 - Added connection conn0: url=jdbc:h2:mem:testdb user=SA
2026-03-27T11:29:48.122+05:30  INFO 26012 --- [           main] com.zaxxer.hikari.HikariDataSource       : HikariPool-1 - Start completed.
2026-03-27T11:29:48.388+05:30  INFO 26012 --- [           main] o.h.b.i.BytecodeProviderInitiator        : HHH000021: Bytecode provider name : bytebuddy
2026-03-27T11:29:48.444+05:30  WARN 26012 --- [           main] org.hibernate.mapping.RootClass          : HHH000038: Composite-id class does not override equals(): com.geekster.DoctorsAppointmentApplication.model.AppointmentKey
2026-03-27T11:29:48.444+05:30  WARN 26012 --- [           main] org.hibernate.mapping.RootClass          : HHH000039: Composite-id class does not override hashCode(): com.geekster.DoctorsAppointmentApplication.model.AppointmentKey
2026-03-27T11:29:49.038+05:30  INFO 26012 --- [           main] o.h.e.t.j.p.i.JtaPlatformInitiator       : HHH000490: Using JtaPlatform implementation: [org.hibernate.engine.transaction.jta.platform.internal.NoJtaPlatform]
2026-03-27T11:29:49.074+05:30 DEBUG 26012 --- [           main] org.hibernate.SQL                        : 
    create table admin (
        admin_id bigint generated by default as identity,
        admin_email varchar(255) not null,
        admin_name varchar(255),
        admin_password varchar(255) not null,
        primary key (admin_id)
    )
Hibernate: 
    create table admin (
        admin_id bigint generated by default as identity,
        admin_email varchar(255) not null,
        admin_name varchar(255),
        admin_password varchar(255) not null,
        primary key (admin_id)
    )
2026-03-27T11:29:49.081+05:30 DEBUG 26012 --- [           main] org.hibernate.SQL                        : 
    create table appointment (
        appointment_id bigint not null,
        time timestamp(6) not null,
        status varchar(255) check (status in ('PENDING','APPROVED','REJECTED')),
        fk_doctor_doc_id bigint,
        patient_patient_id bigint,
        primary key (appointment_id, time)
    )
Hibernate: 
    create table appointment (
        appointment_id bigint not null,
        time timestamp(6) not null,
        status varchar(255) check (status in ('PENDING','APPROVED','REJECTED')),
        fk_doctor_doc_id bigint,
        patient_patient_id bigint,
        primary key (appointment_id, time)
    )
2026-03-27T11:29:49.084+05:30 DEBUG 26012 --- [           main] org.hibernate.SQL                        : 
    create table authentication_token (
        token_id bigint generated by default as identity,
        token varchar(255),
        token_creation_date date,
        fk_patient_id bigint not null,
        primary key (token_id)
    )
Hibernate: 
    create table authentication_token (
        token_id bigint generated by default as identity,
        token varchar(255),
        token_creation_date date,
        fk_patient_id bigint not null,
        primary key (token_id)
    )
2026-03-27T11:29:49.086+05:30 DEBUG 26012 --- [           main] org.hibernate.SQL                        : 
    create table doctor (
        doctor_id bigint generated by default as identity,
        doctor_email varchar(255) not null,
        doctor_name varchar(255),
        doctor_password varchar(255) not null,
        specialization varchar(255) check (specialization in ('Allergy_and_Immunology','Anesthesiology','Dermatology','Diagnostic_Radiology','Emergency_Medicine','Family_Medicine','Internal_Medicine','Medical_Genetics','Neurology','Nuclear_Medicine','Obstetrics_and_Gynecology','Ophthalmology','Pathology','Pediatrics','Physical_Medicine_and_Rehabilitation','Preventive_Medicine','Psychiatry','Radiation_Oncology','Surgery','Urology')),
        primary key (doctor_id)
    )
Hibernate: 
    create table doctor (
        doctor_id bigint generated by default as identity,
        doctor_email varchar(255) not null,
        doctor_name varchar(255),
        doctor_password varchar(255) not null,
        specialization varchar(255) check (specialization in ('Allergy_and_Immunology','Anesthesiology','Dermatology','Diagnostic_Radiology','Emergency_Medicine','Family_Medicine','Internal_Medicine','Medical_Genetics','Neurology','Nuclear_Medicine','Obstetrics_and_Gynecology','Ophthalmology','Pathology','Pediatrics','Physical_Medicine_and_Rehabilitation','Preventive_Medicine','Psychiatry','Radiation_Oncology','Surgery','Urology')),
        primary key (doctor_id)
    )
2026-03-27T11:29:49.088+05:30 DEBUG 26012 --- [           main] org.hibernate.SQL                        : 
    create table doctor_availability (
        availability_id bigint generated by default as identity,
        day_of_week varchar(255) check (day_of_week in ('MONDAY','TUESDAY','WEDNESDAY','THURSDAY','FRIDAY','SATURDAY','SUNDAY')),
        end_time time(6),
        is_available boolean,
        start_time time(6),
        doctor_id bigint not null,
        primary key (availability_id)
    )
Hibernate: 
    create table doctor_availability (
        availability_id bigint generated by default as identity,
        day_of_week varchar(255) check (day_of_week in ('MONDAY','TUESDAY','WEDNESDAY','THURSDAY','FRIDAY','SATURDAY','SUNDAY')),
        end_time time(6),
        is_available boolean,
        start_time time(6),
        doctor_id bigint not null,
        primary key (availability_id)
    )
2026-03-27T11:29:49.090+05:30 DEBUG 26012 --- [           main] org.hibernate.SQL                        : 
    create table patient (
        patient_id bigint generated by default as identity,
        patient_contact varchar(255),
        patient_email varchar(255) not null,
        patient_first_name varchar(255),
        patient_last_name varchar(255),
        patient_password varchar(255) not null,
        primary key (patient_id)
    )
Hibernate: 
    create table patient (
        patient_id bigint generated by default as identity,
        patient_contact varchar(255),
        patient_email varchar(255) not null,
        patient_first_name varchar(255),
        patient_last_name varchar(255),
        patient_password varchar(255) not null,
        primary key (patient_id)
    )
2026-03-27T11:29:49.091+05:30 DEBUG 26012 --- [           main] org.hibernate.SQL                        : 
    alter table if exists admin 
       drop constraint if exists UK_b79jyjd00uj4gvvtu7favkq5g
Hibernate: 
    alter table if exists admin 
       drop constraint if exists UK_b79jyjd00uj4gvvtu7favkq5g
2026-03-27T11:29:49.092+05:30 DEBUG 26012 --- [           main] org.hibernate.SQL                        : 
    alter table if exists admin 
       add constraint UK_b79jyjd00uj4gvvtu7favkq5g unique (admin_email)
Hibernate: 
    alter table if exists admin 
       add constraint UK_b79jyjd00uj4gvvtu7favkq5g unique (admin_email)
2026-03-27T11:29:49.093+05:30 DEBUG 26012 --- [           main] org.hibernate.SQL                        : 
    alter table if exists appointment 
       drop constraint if exists UK_by05yi65s9oxcslpbp4rr2lyb
Hibernate: 
    alter table if exists appointment 
       drop constraint if exists UK_by05yi65s9oxcslpbp4rr2lyb
2026-03-27T11:29:49.093+05:30 DEBUG 26012 --- [           main] org.hibernate.SQL                        : 
    alter table if exists appointment 
       add constraint UK_by05yi65s9oxcslpbp4rr2lyb unique (patient_patient_id)
Hibernate: 
    alter table if exists appointment 
       add constraint UK_by05yi65s9oxcslpbp4rr2lyb unique (patient_patient_id)
2026-03-27T11:29:49.094+05:30 DEBUG 26012 --- [           main] org.hibernate.SQL                        : 
    alter table if exists authentication_token 
       drop constraint if exists UK_845t46unjnlvvmhi5dwasywvq
Hibernate: 
    alter table if exists authentication_token 
       drop constraint if exists UK_845t46unjnlvvmhi5dwasywvq
2026-03-27T11:29:49.094+05:30 DEBUG 26012 --- [           main] org.hibernate.SQL                        : 
    alter table if exists authentication_token 
       add constraint UK_845t46unjnlvvmhi5dwasywvq unique (fk_patient_id)
Hibernate: 
    alter table if exists authentication_token 
       add constraint UK_845t46unjnlvvmhi5dwasywvq unique (fk_patient_id)
2026-03-27T11:29:49.095+05:30 DEBUG 26012 --- [           main] org.hibernate.SQL                        : 
    alter table if exists doctor 
       drop constraint if exists UK_lr3j4y6twpk17qwuydiqi3yuh
Hibernate: 
    alter table if exists doctor 
       drop constraint if exists UK_lr3j4y6twpk17qwuydiqi3yuh
2026-03-27T11:29:49.095+05:30 DEBUG 26012 --- [           main] org.hibernate.SQL                        : 
    alter table if exists doctor 
       add constraint UK_lr3j4y6twpk17qwuydiqi3yuh unique (doctor_email)
Hibernate: 
    alter table if exists doctor 
       add constraint UK_lr3j4y6twpk17qwuydiqi3yuh unique (doctor_email)
2026-03-27T11:29:49.096+05:30 DEBUG 26012 --- [           main] org.hibernate.SQL                        : 
    alter table if exists patient 
       drop constraint if exists UK_3rjgubfrjwmr1johx59i16s2g
Hibernate: 
    alter table if exists patient 
       drop constraint if exists UK_3rjgubfrjwmr1johx59i16s2g
2026-03-27T11:29:49.096+05:30 DEBUG 26012 --- [           main] org.hibernate.SQL                        : 
    alter table if exists patient 
       add constraint UK_3rjgubfrjwmr1johx59i16s2g unique (patient_email)
Hibernate: 
    alter table if exists patient 
       add constraint UK_3rjgubfrjwmr1johx59i16s2g unique (patient_email)
2026-03-27T11:29:49.097+05:30 DEBUG 26012 --- [           main] org.hibernate.SQL                        : 
    alter table if exists appointment 
       add constraint FKel4vdq9ghjcygvsppfkf7bdp1 
       foreign key (fk_doctor_doc_id) 
       references doctor
Hibernate: 
    alter table if exists appointment 
       add constraint FKel4vdq9ghjcygvsppfkf7bdp1 
       foreign key (fk_doctor_doc_id) 
       references doctor
2026-03-27T11:29:49.102+05:30 DEBUG 26012 --- [           main] org.hibernate.SQL                        : 
    alter table if exists appointment 
       add constraint FK2vlah44v7jbr62swnit3835kr 
       foreign key (patient_patient_id) 
       references patient
Hibernate: 
    alter table if exists appointment 
       add constraint FK2vlah44v7jbr62swnit3835kr 
       foreign key (patient_patient_id) 
       references patient
2026-03-27T11:29:49.102+05:30 DEBUG 26012 --- [           main] org.hibernate.SQL                        : 
    alter table if exists authentication_token 
       add constraint FK94kuwi98i5g6k8dnx0511brom 
       foreign key (fk_patient_id) 
       references patient
Hibernate: 
    alter table if exists authentication_token 
       add constraint FK94kuwi98i5g6k8dnx0511brom 
       foreign key (fk_patient_id) 
       references patient
2026-03-27T11:29:49.104+05:30 DEBUG 26012 --- [           main] org.hibernate.SQL                        : 
    alter table if exists doctor_availability 
       add constraint FKjjpqh7cis4bvgml0p2qaeqr3r 
       foreign key (doctor_id) 
       references doctor
Hibernate: 
    alter table if exists doctor_availability 
       add constraint FKjjpqh7cis4bvgml0p2qaeqr3r 
       foreign key (doctor_id) 
       references doctor
2026-03-27T11:29:49.106+05:30  INFO 26012 --- [           main] j.LocalContainerEntityManagerFactoryBean : Initialized JPA EntityManagerFactory for persistence unit 'default'
2026-03-27T11:29:49.667+05:30  INFO 26012 --- [           main] o.s.d.j.r.query.QueryEnhancerFactory     : Hibernate is in classpath; If applicable, HQL parser will be used.
2026-03-27T11:29:50.400+05:30  WARN 26012 --- [           main] JpaBaseConfiguration$JpaWebConfiguration : spring.jpa.open-in-view is enabled by default. Therefore, database queries may be performed during view rendering. Explicitly configure spring.jpa.open-in-view to disable this warning
2026-03-27T11:29:50.617+05:30  INFO 26012 --- [           main] o.s.b.a.w.s.WelcomePageHandlerMapping    : Adding welcome page template: index
2026-03-27T11:29:50.908+05:30  INFO 26012 --- [           main] o.s.b.a.h2.H2ConsoleAutoConfiguration    : H2 console available at '/h2-console'. Database available at 'jdbc:h2:mem:testdb'
2026-03-27T11:29:50.983+05:30  INFO 26012 --- [           main] c.g.D.DoctorAppApplicationTests          : Started DoctorAppApplicationTests in 5.774 seconds (process running for 7.097)
2026-03-27T11:29:51.102+05:30 DEBUG 26012 --- [           main] org.hibernate.SQL                        : 
    select
        d1_0.doctor_id,
        d1_0.doctor_email,
        d1_0.doctor_name,
        d1_0.doctor_password,
        d1_0.specialization 
    from
        doctor d1_0 
    where
        d1_0.doctor_email=? fetch first ? rows only
Hibernate: 
    select
        d1_0.doctor_id,
        d1_0.doctor_email,
        d1_0.doctor_name,
        d1_0.doctor_password,
        d1_0.specialization 
    from
        doctor d1_0 
    where
        d1_0.doctor_email=? fetch first ? rows only
2026-03-27T11:29:51.133+05:30 DEBUG 26012 --- [           main] org.hibernate.SQL                        : 
    insert 
    into
        doctor
        (doctor_email,doctor_name,doctor_password,specialization,doctor_id) 
    values
        (?,?,?,?,default)
Hibernate: 
    insert 
    into
        doctor
        (doctor_email,doctor_name,doctor_password,specialization,doctor_id) 
    values
        (?,?,?,?,default)
Demo doctor added: doctor@test.com / doctor123
2026-03-27T11:29:51.152+05:30 DEBUG 26012 --- [           main] org.hibernate.SQL                        : 
    select
        a1_0.admin_id,
        a1_0.admin_email,
        a1_0.admin_name,
        a1_0.admin_password 
    from
        admin a1_0 
    where
        a1_0.admin_email=?
Hibernate: 
    select
        a1_0.admin_id,
        a1_0.admin_email,
        a1_0.admin_name,
        a1_0.admin_password 
    from
        admin a1_0 
    where
        a1_0.admin_email=?
2026-03-27T11:29:51.154+05:30 DEBUG 26012 --- [           main] org.hibernate.SQL                        : 
    insert 
    into
        admin
        (admin_email,admin_name,admin_password,admin_id) 
    values
        (?,?,?,default)
Hibernate: 
    insert 
    into
        admin
        (admin_email,admin_name,admin_password,admin_id) 
    values
        (?,?,?,default)
Default admin added: admin@hospital.com / admin123
]]></system-out>
    <system-err><![CDATA[WARNING: A Java agent has been loaded dynamically (C:\Users\KIRAN KHATAVKAR\.m2\repository\net\bytebuddy\byte-buddy-agent\1.14.8\byte-buddy-agent-1.14.8.jar)
WARNING: If a serviceability tool is in use, please run with -XX:+EnableDynamicAgentLoading to hide this warning
WARNING: If a serviceability tool is not in use, please run with -Djdk.instrument.traceUsage for more information
WARNING: Dynamic loading of agents will be disallowed by default in a future release
]]></system-err>
  </testcase>
</testsuite>